<?xml version="1.0" encoding="UTF-8"?>
<testng-results ignored="0" total="1" passed="1" failed="0" skipped="0">
  <reporter-output>
  </reporter-output>
  <suite started-at="2020-04-10T18:59:54 IST" name="Default suite" finished-at="2020-04-10T19:00:56 IST" duration-ms="61815">
    <groups>
    </groups>
    <test started-at="2020-04-10T18:59:54 IST" name="Default test" finished-at="2020-04-10T19:00:56 IST" duration-ms="61815">
      <class name="ecom.ebaypom">
        <test-method signature="getwatchesprices()[pri:0, instance:ecom.ebaypom@5552768b]" started-at="2020-04-10T18:59:54 IST" name="getwatchesprices" finished-at="2020-04-10T19:00:56 IST" duration-ms="61775" status="PASS">
          <reporter-output>
          </reporter-output>
        </test-method> <!-- getwatchesprices -->
      </class> <!-- ecom.ebaypom -->
    </test> <!-- Default test -->
  </suite> <!-- Default suite -->
</testng-results>
