<?xml version="1.0" encoding="UTF-8"?>
<testng-results total="1" passed="1" failed="0" skipped="0">
  <reporter-output>
  </reporter-output>
  <suite started-at="2020-05-05T11:28:25Z" name="Suite" finished-at="2020-05-05T11:28:25Z" duration-ms="40">
    <groups>
    </groups>
    <test started-at="2020-05-05T11:28:25Z" name="Test" finished-at="2020-05-05T11:28:25Z" duration-ms="40">
      <class name="practice.thirdlargest">
        <test-method signature="display()[pri:0, instance:practice.thirdlargest@3e92efc3]" started-at="2020-05-05T16:58:25Z" name="display" finished-at="2020-05-05T16:58:25Z" duration-ms="10" status="PASS">
          <reporter-output>
          </reporter-output>
        </test-method> <!-- display -->
      </class> <!-- practice.thirdlargest -->
    </test> <!-- Test -->
  </suite> <!-- Suite -->
</testng-results>
